<?xml version="1.0" encoding="UTF-8"?>
<testsuite name="dev.oskarjohansson.domain.service.BookServiceTest" tests="4" skipped="0" failures="0" errors="0" timestamp="2024-12-21T13:37:24" hostname="Mac.lan" time="0.372">
  <properties/>
  <testcase name="Test that findBookByIdOrTitle returns book by Id()" classname="dev.oskarjohansson.domain.service.BookServiceTest" time="0.172"/>
  <testcase name="Test that findBookByIdOrTitle returns book by Title()" classname="dev.oskarjohansson.domain.service.BookServiceTest" time="0.002"/>
  <testcase name="Test that validateAuthorExistenceInBook throws error when authorId is persisted in book()" classname="dev.oskarjohansson.domain.service.BookServiceTest" time="0.194"/>
  <testcase name="Test that findBookByIdOrTitle throws error when no book found()" classname="dev.oskarjohansson.domain.service.BookServiceTest" time="0.002"/>
  <system-out><![CDATA[]]></system-out>
  <system-err><![CDATA[WARNING: A Java agent has been loaded dynamically (/Users/oskarjohansson/.gradle/caches/modules-2/files-2.1/net.bytebuddy/byte-buddy-agent/1.14.19/154da3a65b4f4a909d3e5bdec55d1b2b4cbb6ce1/byte-buddy-agent-1.14.19.jar)
WARNING: If a serviceability tool is in use, please run with -XX:+EnableDynamicAgentLoading to hide this warning
WARNING: If a serviceability tool is not in use, please run with -Djdk.instrument.traceUsage for more information
WARNING: Dynamic loading of agents will be disallowed by default in a future release
]]></system-err>
</testsuite>
